2025-04-25 12:55:51,763 - marl_agent - INFO - Starting experiment with config: {'environment': {'env_id': 'two-way-v0', 'render_mode': 'human', 'dt': 0.2, 'max_episode_steps': 200, 'observation_type': 'Kinematics', 'vehicles_count': 8, 'collision_reward': -10.0, 'high_speed_reward': 0.1, 'normalize_reward': True, 'offroad_terminal': False, 'right_lane_reward': 0.3, 'lanes_count': 4, 'lane_width': 4.0, 'screen_width': 900, 'screen_height': 700, 'scaling': 6.0, 'show_trajectories': True, 'simulation_frequency': 15, 'policy_frequency': 5, 'other_vehicles_type': 'highway_env.vehicle.behavior.IDMVehicle'}, 'agents': {'num_agents': 2, 'observation_space': {'features': True, 'vehicles_count': 10}, 'action_space': {'discrete': True, 'actions': ['IDLE', 'SLOWER', 'FASTER', 'LANE_LEFT', 'LANE_RIGHT']}}, 'training': {'algorithm': 'VPG', 'learning_rate': 0.0003, 'gamma': 0.99, 'epochs': 500, 'episodes_per_epoch': 5, 'batch_size': 64, 'epsilon_start': 0.5, 'epsilon_end': 0.05, 'epsilon_decay': 0.995}, 'network': {'hidden_layers': [256, 128], 'activation': 'relu'}, 'logging': {'log_interval': 10, 'checkpoint_interval': 50, 'tensorboard': True}}
2025-04-25 12:55:55,862 - marl_agent - INFO - Starting epoch 1/500
2025-04-25 12:55:55,877 - marl_agent - INFO - Starting episode 1/5
2025-04-25 12:55:56,215 - marl_agent - INFO - Epoch 0, Episode 0: Rewards=[1.4, 1.5999999999999999]
2025-04-25 12:55:56,223 - marl_agent - INFO - Starting episode 2/5
2025-04-25 12:55:56,478 - marl_agent - INFO - Starting episode 3/5
2025-04-25 12:55:56,595 - marl_agent - INFO - Starting episode 4/5
2025-04-25 12:55:56,861 - marl_agent - INFO - Starting episode 5/5
2025-04-25 12:55:57,102 - marl_agent - INFO - Epoch 0, Episode 4: Rewards=[1.8499999999999999, 1.5999999999999999]
2025-04-25 12:55:57,103 - marl_agent - INFO - Epoch 0: Mean Rewards=[0.86, 1.4099999999999997], Mean Loss=0.005579797923564911
2025-04-25 12:55:57,103 - marl_agent - INFO - Starting epoch 2/500
2025-04-25 12:55:57,112 - marl_agent - INFO - Starting episode 1/5
2025-04-25 12:55:57,369 - marl_agent - INFO - Epoch 1, Episode 0: Rewards=[1.5999999999999999, 1.5999999999999999]
2025-04-25 12:55:57,378 - marl_agent - INFO - Starting episode 2/5
2025-04-25 12:55:57,628 - marl_agent - INFO - Starting episode 3/5
2025-04-25 12:55:57,894 - marl_agent - INFO - Starting episode 4/5
2025-04-25 12:55:58,144 - marl_agent - INFO - Starting episode 5/5
2025-04-25 12:55:58,387 - marl_agent - INFO - Epoch 1, Episode 4: Rewards=[-2.55, 1.5999999999999999]
2025-04-25 12:55:58,387 - marl_agent - INFO - Epoch 1: Mean Rewards=[0.5900000000000001, 1.47], Mean Loss=-0.003031773865222931
2025-04-25 12:55:58,387 - marl_agent - INFO - Starting epoch 3/500
2025-04-25 12:55:58,397 - marl_agent - INFO - Starting episode 1/5
2025-04-25 12:55:58,653 - marl_agent - INFO - Epoch 2, Episode 0: Rewards=[1.9000000000000001, 1.5999999999999999]
2025-04-25 12:55:58,661 - marl_agent - INFO - Starting episode 2/5
2025-04-25 12:55:58,928 - marl_agent - INFO - Starting episode 3/5
2025-04-25 12:55:59,164 - marl_agent - INFO - Starting episode 4/5
2025-04-25 12:55:59,333 - marl_agent - INFO - Starting episode 5/5
2025-04-25 12:55:59,513 - marl_agent - INFO - Epoch 2, Episode 4: Rewards=[2.1, 2.1000000000000005]
2025-04-25 12:55:59,513 - marl_agent - INFO - Epoch 2: Mean Rewards=[1.97, 1.7299999999999998], Mean Loss=0.005947287380695343
2025-04-25 12:55:59,513 - marl_agent - INFO - Starting epoch 4/500
2025-04-25 12:55:59,522 - marl_agent - INFO - Starting episode 1/5
2025-04-25 12:55:59,681 - marl_agent - INFO - Epoch 3, Episode 0: Rewards=[1.7, 1.5499999999999998]
2025-04-25 12:55:59,689 - marl_agent - INFO - Starting episode 2/5
2025-04-25 12:55:59,869 - marl_agent - INFO - Starting episode 3/5
2025-04-25 12:56:00,041 - marl_agent - INFO - Starting episode 4/5
2025-04-25 12:56:00,209 - marl_agent - INFO - Starting episode 5/5
2025-04-25 12:56:00,359 - marl_agent - INFO - Epoch 3, Episode 4: Rewards=[1.55, 2.25]
2025-04-25 12:56:00,359 - marl_agent - INFO - Epoch 3: Mean Rewards=[1.35, 1.7399999999999998], Mean Loss=0.010309195518493653
2025-04-25 12:56:00,359 - marl_agent - INFO - Starting epoch 5/500
2025-04-25 12:56:00,367 - marl_agent - INFO - Starting episode 1/5
2025-04-25 12:56:00,528 - marl_agent - INFO - Epoch 4, Episode 0: Rewards=[2.0, 1.4]
2025-04-25 12:56:00,537 - marl_agent - INFO - Starting episode 2/5
2025-04-25 12:56:00,704 - marl_agent - INFO - Starting episode 3/5
2025-04-25 12:56:00,866 - marl_agent - INFO - Starting episode 4/5
2025-04-25 12:56:01,037 - marl_agent - INFO - Starting episode 5/5
2025-04-25 12:56:01,179 - marl_agent - INFO - Epoch 4, Episode 4: Rewards=[1.55, 0.8]
2025-04-25 12:56:01,180 - marl_agent - INFO - Epoch 4: Mean Rewards=[1.75, 1.4699999999999998], Mean Loss=0.01102519202977419
2025-04-25 12:56:01,180 - marl_agent - INFO - Starting epoch 6/500
2025-04-25 12:56:01,189 - marl_agent - INFO - Starting episode 1/5
2025-04-25 12:56:01,341 - marl_agent - INFO - Epoch 5, Episode 0: Rewards=[1.75, 2.2]
2025-04-25 12:56:01,350 - marl_agent - INFO - Starting episode 2/5
2025-04-25 12:56:01,517 - marl_agent - INFO - Starting episode 3/5
2025-04-25 12:56:01,694 - marl_agent - INFO - Starting episode 4/5
2025-04-25 12:56:01,870 - marl_agent - INFO - Starting episode 5/5
2025-04-25 12:56:02,024 - marl_agent - INFO - Epoch 5, Episode 4: Rewards=[1.75, 2.25]
2025-04-25 12:56:02,025 - marl_agent - INFO - Epoch 5: Mean Rewards=[1.7, 2.0200000000000005], Mean Loss=-0.005966448783874511
2025-04-25 12:56:02,025 - marl_agent - INFO - Starting epoch 7/500
2025-04-25 12:56:02,034 - marl_agent - INFO - Starting episode 1/5
2025-04-25 12:56:02,198 - marl_agent - INFO - Epoch 6, Episode 0: Rewards=[1.1, 1.7499999999999998]
2025-04-25 12:56:02,207 - marl_agent - INFO - Starting episode 2/5
2025-04-25 12:56:02,375 - marl_agent - INFO - Starting episode 3/5
2025-04-25 12:56:02,454 - marl_agent - INFO - Starting episode 4/5
2025-04-25 12:56:02,617 - marl_agent - INFO - Starting episode 5/5
2025-04-25 12:56:02,789 - marl_agent - INFO - Epoch 6, Episode 4: Rewards=[0.5, 1.5999999999999999]
2025-04-25 12:56:02,789 - marl_agent - INFO - Epoch 6: Mean Rewards=[0.9, 1.45], Mean Loss=0.0024966405238956214
2025-04-25 12:56:02,789 - marl_agent - INFO - Starting epoch 8/500
2025-04-25 12:56:02,800 - marl_agent - INFO - Starting episode 1/5
2025-04-25 12:56:02,888 - marl_agent - INFO - Epoch 7, Episode 0: Rewards=[0.2, 0.45]
2025-04-25 12:56:02,896 - marl_agent - INFO - Starting episode 2/5
2025-04-25 12:56:03,070 - marl_agent - INFO - Starting episode 3/5
2025-04-25 12:56:03,243 - marl_agent - INFO - Starting episode 4/5
2025-04-25 12:56:03,533 - marl_agent - INFO - Starting episode 5/5
2025-04-25 12:56:03,700 - marl_agent - INFO - Epoch 7, Episode 4: Rewards=[2.0, 1.5999999999999999]
2025-04-25 12:56:03,700 - marl_agent - INFO - Epoch 7: Mean Rewards=[1.15, 1.48], Mean Loss=-0.010089166462421417
2025-04-25 12:56:03,701 - marl_agent - INFO - Starting epoch 9/500
2025-04-25 12:56:03,710 - marl_agent - INFO - Starting episode 1/5
2025-04-25 12:56:03,870 - marl_agent - INFO - Epoch 8, Episode 0: Rewards=[1.7, 2.25]
2025-04-25 12:56:03,879 - marl_agent - INFO - Starting episode 2/5
2025-04-25 12:56:04,056 - marl_agent - INFO - Starting episode 3/5
2025-04-25 12:56:04,224 - marl_agent - INFO - Starting episode 4/5
2025-04-25 12:56:04,400 - marl_agent - INFO - Starting episode 5/5
2025-04-25 12:56:04,559 - marl_agent - INFO - Epoch 8, Episode 4: Rewards=[0.9, 1.7]
2025-04-25 12:56:04,560 - marl_agent - INFO - Epoch 8: Mean Rewards=[-0.09999999999999998, 1.72], Mean Loss=-0.005896356701850891
2025-04-25 12:56:04,560 - marl_agent - INFO - Starting epoch 10/500
2025-04-25 12:56:04,568 - marl_agent - INFO - Starting episode 1/5
2025-04-25 12:56:04,725 - marl_agent - INFO - Epoch 9, Episode 0: Rewards=[1.85, 1.5999999999999999]
2025-04-25 12:56:04,733 - marl_agent - INFO - Starting episode 2/5
2025-04-25 12:56:04,902 - marl_agent - INFO - Starting episode 3/5
2025-04-25 12:56:05,046 - marl_agent - INFO - Starting episode 4/5
2025-04-25 12:56:05,217 - marl_agent - INFO - Starting episode 5/5
2025-04-25 12:56:05,388 - marl_agent - INFO - Epoch 9, Episode 4: Rewards=[1.75, 1.2000000000000002]
2025-04-25 12:56:05,388 - marl_agent - INFO - Epoch 9: Mean Rewards=[1.5299999999999998, 1.3199999999999998], Mean Loss=0.013376152282580734
2025-04-25 12:56:05,388 - marl_agent - INFO - Starting epoch 11/500
2025-04-25 12:56:05,397 - marl_agent - INFO - Starting episode 1/5
2025-04-25 12:56:05,568 - marl_agent - INFO - Epoch 10, Episode 0: Rewards=[1.9500000000000002, 1.8]
2025-04-25 12:56:05,577 - marl_agent - INFO - Starting episode 2/5
2025-04-25 12:56:05,756 - marl_agent - INFO - Starting episode 3/5
2025-04-25 12:56:05,931 - marl_agent - INFO - Starting episode 4/5
2025-04-25 12:56:06,101 - marl_agent - INFO - Starting episode 5/5
2025-04-25 12:56:06,143 - marl_agent - INFO - Epoch 10, Episode 4: Rewards=[0.45, 0.0]
2025-04-25 12:56:06,143 - marl_agent - INFO - Epoch 10: Mean Rewards=[1.24, 1.3199999999999998], Mean Loss=-0.01155640184879303
2025-04-25 12:56:06,144 - marl_agent - INFO - Starting epoch 12/500
2025-04-25 12:56:06,152 - marl_agent - INFO - Starting episode 1/5
2025-04-25 12:56:06,309 - marl_agent - INFO - Epoch 11, Episode 0: Rewards=[2.1, 1.5999999999999999]
2025-04-25 12:56:06,317 - marl_agent - INFO - Starting episode 2/5
2025-04-25 12:56:06,484 - marl_agent - INFO - Starting episode 3/5
2025-04-25 12:56:06,660 - marl_agent - INFO - Starting episode 4/5
2025-04-25 12:56:06,895 - marl_agent - INFO - Starting episode 5/5
2025-04-25 12:56:07,058 - marl_agent - INFO - Epoch 11, Episode 4: Rewards=[0.30000000000000004, 0.8500000000000001]
2025-04-25 12:56:07,059 - marl_agent - INFO - Epoch 11: Mean Rewards=[1.4, 1.47], Mean Loss=-0.009822553396224976
2025-04-25 12:56:07,059 - marl_agent - INFO - Starting epoch 13/500
2025-04-25 12:56:07,067 - marl_agent - INFO - Starting episode 1/5
2025-04-25 12:56:07,229 - marl_agent - INFO - Epoch 12, Episode 0: Rewards=[1.95, 1.65]
2025-04-25 12:56:07,237 - marl_agent - INFO - Starting episode 2/5
2025-04-25 12:56:07,403 - marl_agent - INFO - Starting episode 3/5
2025-04-25 12:56:07,567 - marl_agent - INFO - Starting episode 4/5
2025-04-25 12:56:07,734 - marl_agent - INFO - Starting episode 5/5
2025-04-25 12:56:07,898 - marl_agent - INFO - Epoch 12, Episode 4: Rewards=[1.5, 2.2]
2025-04-25 12:56:07,898 - marl_agent - INFO - Epoch 12: Mean Rewards=[1.7799999999999998, 1.75], Mean Loss=-0.02914941608905792
2025-04-25 12:56:07,899 - marl_agent - INFO - Starting epoch 14/500
2025-04-25 12:56:07,907 - marl_agent - INFO - Starting episode 1/5
2025-04-25 12:56:08,043 - marl_agent - INFO - Epoch 13, Episode 0: Rewards=[0.25, 0.8500000000000001]
2025-04-25 12:56:08,052 - marl_agent - INFO - Starting episode 2/5
2025-04-25 12:56:08,223 - marl_agent - INFO - Starting episode 3/5
2025-04-25 12:56:08,398 - marl_agent - INFO - Starting episode 4/5
2025-04-25 12:56:08,575 - marl_agent - INFO - Starting episode 5/5
2025-04-25 12:56:08,736 - marl_agent - INFO - Epoch 13, Episode 4: Rewards=[1.5999999999999999, 1.5999999999999999]
2025-04-25 12:56:08,736 - marl_agent - INFO - Epoch 13: Mean Rewards=[1.17, 1.35], Mean Loss=-0.040003976644948126
2025-04-25 12:56:08,736 - marl_agent - INFO - Starting epoch 15/500
2025-04-25 12:56:08,746 - marl_agent - INFO - Starting episode 1/5
2025-04-25 12:56:08,914 - marl_agent - INFO - Epoch 14, Episode 0: Rewards=[1.8, 1.5999999999999999]
2025-04-25 12:56:08,923 - marl_agent - INFO - Starting episode 2/5
2025-04-25 12:56:09,106 - marl_agent - INFO - Starting episode 3/5
2025-04-25 12:56:09,272 - marl_agent - INFO - Starting episode 4/5
2025-04-25 12:56:09,441 - marl_agent - INFO - Starting episode 5/5
2025-04-25 12:56:09,602 - marl_agent - INFO - Epoch 14, Episode 4: Rewards=[1.95, 2.1500000000000004]
2025-04-25 12:56:09,602 - marl_agent - INFO - Epoch 14: Mean Rewards=[1.7399999999999998, 1.75], Mean Loss=-0.025530315935611725
2025-04-25 12:56:09,603 - marl_agent - INFO - Starting epoch 16/500
2025-04-25 12:56:09,611 - marl_agent - INFO - Starting episode 1/5
2025-04-25 12:56:09,775 - marl_agent - INFO - Epoch 15, Episode 0: Rewards=[1.9, 2.0]
2025-04-25 12:56:09,783 - marl_agent - INFO - Starting episode 2/5
2025-04-25 12:56:09,910 - marl_agent - INFO - Starting episode 3/5
2025-04-25 12:56:10,090 - marl_agent - INFO - Starting episode 4/5
2025-04-25 12:56:10,267 - marl_agent - INFO - Starting episode 5/5
2025-04-25 12:56:10,442 - marl_agent - INFO - Epoch 15, Episode 4: Rewards=[1.65, 1.5499999999999998]
2025-04-25 12:56:10,442 - marl_agent - INFO - Epoch 15: Mean Rewards=[1.7, 1.3599999999999999], Mean Loss=-0.015849389135837555
2025-04-25 12:56:10,442 - marl_agent - INFO - Starting epoch 17/500
2025-04-25 12:56:10,451 - marl_agent - INFO - Starting episode 1/5
2025-04-25 12:56:10,612 - marl_agent - INFO - Epoch 16, Episode 0: Rewards=[1.9000000000000001, 1.8500000000000003]
2025-04-25 12:56:10,621 - marl_agent - INFO - Starting episode 2/5
2025-04-25 12:56:10,785 - marl_agent - INFO - Starting episode 3/5
2025-04-25 12:56:10,951 - marl_agent - INFO - Starting episode 4/5
2025-04-25 12:56:11,121 - marl_agent - INFO - Starting episode 5/5
2025-04-25 12:56:11,284 - marl_agent - INFO - Epoch 16, Episode 4: Rewards=[1.65, 1.5999999999999999]
2025-04-25 12:56:11,284 - marl_agent - INFO - Epoch 16: Mean Rewards=[1.72, 1.78], Mean Loss=-0.013982510566711426
2025-04-25 12:56:11,285 - marl_agent - INFO - Starting epoch 18/500
2025-04-25 12:56:11,293 - marl_agent - INFO - Starting episode 1/5
2025-04-25 12:56:11,464 - marl_agent - INFO - Epoch 17, Episode 0: Rewards=[1.95, 2.1500000000000004]
2025-04-25 12:56:11,473 - marl_agent - INFO - Starting episode 2/5
2025-04-25 12:56:11,635 - marl_agent - INFO - Starting episode 3/5
2025-04-25 12:56:11,802 - marl_agent - INFO - Starting episode 4/5
2025-04-25 12:56:11,954 - marl_agent - INFO - Starting episode 5/5
2025-04-25 12:56:12,112 - marl_agent - INFO - Epoch 17, Episode 4: Rewards=[2.3500000000000005, 1.5999999999999999]
2025-04-25 12:56:12,112 - marl_agent - INFO - Epoch 17: Mean Rewards=[1.8700000000000003, 1.52], Mean Loss=-0.019988650176674127
2025-04-25 12:56:12,113 - marl_agent - INFO - Starting epoch 19/500
2025-04-25 12:56:12,122 - marl_agent - INFO - Starting episode 1/5
2025-04-25 12:56:12,281 - marl_agent - INFO - Epoch 18, Episode 0: Rewards=[1.75, 1.65]
2025-04-25 12:56:12,290 - marl_agent - INFO - Starting episode 2/5
2025-04-25 12:56:12,455 - marl_agent - INFO - Starting episode 3/5
2025-04-25 12:56:12,632 - marl_agent - INFO - Starting episode 4/5
2025-04-25 12:56:12,802 - marl_agent - INFO - Starting episode 5/5
2025-04-25 12:56:12,965 - marl_agent - INFO - Epoch 18, Episode 4: Rewards=[2.3500000000000005, 1.5999999999999999]
2025-04-25 12:56:12,965 - marl_agent - INFO - Epoch 18: Mean Rewards=[2.05, 1.6599999999999997], Mean Loss=-0.024250307679176332
2025-04-25 12:56:12,966 - marl_agent - INFO - Starting epoch 20/500
2025-04-25 12:56:12,974 - marl_agent - INFO - Starting episode 1/5
2025-04-25 12:56:13,015 - marl_agent - INFO - Epoch 19, Episode 0: Rewards=[-1.0, 0.0]
2025-04-25 12:56:13,025 - marl_agent - INFO - Starting episode 2/5
2025-04-25 12:56:13,192 - marl_agent - INFO - Starting episode 3/5
2025-04-25 12:56:13,355 - marl_agent - INFO - Starting episode 4/5
2025-04-25 12:56:13,517 - marl_agent - INFO - Starting episode 5/5
2025-04-25 12:56:13,680 - marl_agent - INFO - Epoch 19, Episode 4: Rewards=[1.8499999999999999, 1.5999999999999999]
2025-04-25 12:56:13,680 - marl_agent - INFO - Epoch 19: Mean Rewards=[0.8699999999999999, 1.3299999999999998], Mean Loss=0.015352970361709595
2025-04-25 12:56:13,680 - marl_agent - INFO - Starting epoch 21/500
2025-04-25 12:56:13,690 - marl_agent - INFO - Starting episode 1/5
2025-04-25 12:56:13,847 - marl_agent - INFO - Epoch 20, Episode 0: Rewards=[2.0, 1.5999999999999999]
2025-04-25 12:56:13,855 - marl_agent - INFO - Starting episode 2/5
2025-04-25 12:56:14,018 - marl_agent - INFO - Starting episode 3/5
2025-04-25 12:56:14,188 - marl_agent - INFO - Starting episode 4/5
2025-04-25 12:56:14,352 - marl_agent - INFO - Starting episode 5/5
2025-04-25 12:56:14,541 - marl_agent - INFO - Epoch 20, Episode 4: Rewards=[1.4, 2.25]
2025-04-25 12:56:14,543 - marl_agent - INFO - Epoch 20: Mean Rewards=[1.78, 1.7599999999999998], Mean Loss=-0.041239303350448606
2025-04-25 12:56:14,543 - marl_agent - INFO - Starting epoch 22/500
2025-04-25 12:56:14,554 - marl_agent - INFO - Starting episode 1/5
2025-04-25 12:56:14,834 - marl_agent - INFO - Epoch 21, Episode 0: Rewards=[2.1, 1.5999999999999999]
2025-04-25 12:56:14,843 - marl_agent - INFO - Starting episode 2/5
2025-04-25 12:56:14,963 - marl_agent - INFO - Starting episode 3/5
2025-04-25 12:56:15,206 - marl_agent - INFO - Starting episode 4/5
2025-04-25 12:56:15,458 - marl_agent - INFO - Starting episode 5/5
2025-04-25 12:56:15,648 - marl_agent - INFO - Epoch 21, Episode 4: Rewards=[1.5999999999999999, 1.5999999999999999]
2025-04-25 12:56:15,648 - marl_agent - INFO - Epoch 21: Mean Rewards=[1.5, 1.3599999999999999], Mean Loss=0.0008897806517779827
2025-04-25 12:56:15,650 - marl_agent - INFO - Starting epoch 23/500
2025-04-25 12:56:15,659 - marl_agent - INFO - Starting episode 1/5
2025-04-25 12:56:15,875 - marl_agent - INFO - Epoch 22, Episode 0: Rewards=[1.95, 1.7499999999999998]
2025-04-25 12:56:15,884 - marl_agent - INFO - Starting episode 2/5
2025-04-25 12:56:16,114 - marl_agent - INFO - Starting episode 3/5
2025-04-25 12:56:16,305 - marl_agent - INFO - Starting episode 4/5
2025-04-25 12:56:16,512 - marl_agent - INFO - Starting episode 5/5
2025-04-25 12:56:16,711 - marl_agent - INFO - Epoch 22, Episode 4: Rewards=[0.8, 1.55]
2025-04-25 12:56:16,711 - marl_agent - INFO - Epoch 22: Mean Rewards=[1.0799999999999998, 1.5799999999999998], Mean Loss=-0.0704974491149187
2025-04-25 12:56:16,712 - marl_agent - INFO - Starting epoch 24/500
2025-04-25 12:56:16,722 - marl_agent - INFO - Starting episode 1/5
2025-04-25 12:56:16,911 - marl_agent - INFO - Epoch 23, Episode 0: Rewards=[2.1, 1.5999999999999999]
2025-04-25 12:56:16,920 - marl_agent - INFO - Starting episode 2/5
2025-04-25 12:56:16,993 - marl_agent - INFO - Starting episode 3/5
2025-04-25 12:56:17,172 - marl_agent - INFO - Starting episode 4/5
2025-04-25 12:56:17,406 - marl_agent - INFO - Starting episode 5/5
2025-04-25 12:56:17,575 - marl_agent - INFO - Epoch 23, Episode 4: Rewards=[2.0, 1.65]
2025-04-25 12:56:17,576 - marl_agent - INFO - Epoch 23: Mean Rewards=[1.3699999999999999, 1.3800000000000001], Mean Loss=-0.06636586114764213
2025-04-25 12:56:17,577 - marl_agent - INFO - Starting epoch 25/500
2025-04-25 12:56:17,587 - marl_agent - INFO - Starting episode 1/5
2025-04-25 12:56:17,781 - marl_agent - INFO - Epoch 24, Episode 0: Rewards=[1.45, 2.1500000000000004]
2025-04-25 12:56:17,790 - marl_agent - INFO - Starting episode 2/5
2025-04-25 12:56:17,973 - marl_agent - INFO - Starting episode 3/5
2025-04-25 12:56:18,140 - marl_agent - INFO - Starting episode 4/5
2025-04-25 12:56:18,307 - marl_agent - INFO - Starting episode 5/5
2025-04-25 12:56:18,549 - marl_agent - INFO - Epoch 24, Episode 4: Rewards=[-2.6500000000000004, 2.25]
2025-04-25 12:56:18,549 - marl_agent - INFO - Epoch 24: Mean Rewards=[1.03, 1.7799999999999998], Mean Loss=-0.08326168656349182
2025-04-25 12:56:18,549 - marl_agent - INFO - Starting epoch 26/500
2025-04-25 12:56:18,559 - marl_agent - INFO - Starting episode 1/5
2025-04-25 12:56:18,705 - marl_agent - INFO - Epoch 25, Episode 0: Rewards=[1.45, 1.05]
2025-04-25 12:56:18,714 - marl_agent - INFO - Starting episode 2/5
2025-04-25 12:56:18,889 - marl_agent - INFO - Starting episode 3/5
2025-04-25 12:56:19,062 - marl_agent - INFO - Starting episode 4/5
2025-04-25 12:56:19,240 - marl_agent - INFO - Starting episode 5/5
2025-04-25 12:56:19,411 - marl_agent - INFO - Epoch 25, Episode 4: Rewards=[1.75, 1.85]
2025-04-25 12:56:19,411 - marl_agent - INFO - Epoch 25: Mean Rewards=[0.86, 1.5399999999999998], Mean Loss=-0.01381455808877945
2025-04-25 12:56:19,412 - marl_agent - INFO - Starting epoch 27/500
2025-04-25 12:56:19,420 - marl_agent - INFO - Starting episode 1/5
2025-04-25 12:56:19,530 - marl_agent - INFO - Epoch 26, Episode 0: Rewards=[1.25, 0.6000000000000001]
2025-04-25 12:56:19,539 - marl_agent - INFO - Starting episode 2/5
2025-04-25 12:56:19,708 - marl_agent - INFO - Starting episode 3/5
2025-04-25 12:56:19,885 - marl_agent - INFO - Starting episode 4/5
2025-04-25 12:56:20,057 - marl_agent - INFO - Starting episode 5/5
2025-04-25 12:56:20,209 - marl_agent - INFO - Epoch 26, Episode 4: Rewards=[1.85, 2.1000000000000005]
2025-04-25 12:56:20,210 - marl_agent - INFO - Epoch 26: Mean Rewards=[1.65, 1.6900000000000002], Mean Loss=0.008216126263141632
2025-04-25 12:56:20,210 - marl_agent - INFO - Starting epoch 28/500
2025-04-25 12:56:20,219 - marl_agent - INFO - Starting episode 1/5
2025-04-25 12:56:20,262 - marl_agent - INFO - Epoch 27, Episode 0: Rewards=[0.45, 0.0]
2025-04-25 12:56:20,272 - marl_agent - INFO - Starting episode 2/5
2025-04-25 12:56:20,453 - marl_agent - INFO - Starting episode 3/5
2025-04-25 12:56:20,625 - marl_agent - INFO - Starting episode 4/5
2025-04-25 12:56:20,796 - marl_agent - INFO - Starting episode 5/5
2025-04-25 12:56:20,964 - marl_agent - INFO - Epoch 27, Episode 4: Rewards=[1.65, 1.9000000000000001]
2025-04-25 12:56:20,964 - marl_agent - INFO - Epoch 27: Mean Rewards=[1.6500000000000004, 1.45], Mean Loss=0.05570404827594757
2025-04-25 12:56:20,965 - marl_agent - INFO - Starting epoch 29/500
2025-04-25 12:56:20,973 - marl_agent - INFO - Starting episode 1/5
2025-04-25 12:56:21,025 - marl_agent - INFO - Epoch 28, Episode 0: Rewards=[0.45, 0.0]
2025-04-25 12:56:21,035 - marl_agent - INFO - Starting episode 2/5
2025-04-25 12:56:21,212 - marl_agent - INFO - Starting episode 3/5
2025-04-25 12:56:21,349 - marl_agent - INFO - Starting episode 4/5
2025-04-25 12:56:21,522 - marl_agent - INFO - Starting episode 5/5
2025-04-25 12:56:21,680 - marl_agent - INFO - Epoch 28, Episode 4: Rewards=[2.1, 1.9]
2025-04-25 12:56:21,681 - marl_agent - INFO - Epoch 28: Mean Rewards=[1.4900000000000002, 1.19], Mean Loss=-0.05644290037453174
2025-04-25 12:56:21,681 - marl_agent - INFO - Starting epoch 30/500
2025-04-25 12:56:21,693 - marl_agent - INFO - Starting episode 1/5
2025-04-25 12:56:21,857 - marl_agent - INFO - Epoch 29, Episode 0: Rewards=[2.0, 1.65]
2025-04-25 12:56:21,865 - marl_agent - INFO - Starting episode 2/5
2025-04-25 12:56:22,034 - marl_agent - INFO - Starting episode 3/5
2025-04-25 12:56:22,185 - marl_agent - INFO - Starting episode 4/5
2025-04-25 12:56:22,358 - marl_agent - INFO - Starting episode 5/5
2025-04-25 12:56:22,523 - marl_agent - INFO - Epoch 29, Episode 4: Rewards=[1.65, 1.25]
2025-04-25 12:56:22,524 - marl_agent - INFO - Epoch 29: Mean Rewards=[1.81, 1.23], Mean Loss=0.022016596607863904
2025-04-25 12:56:22,524 - marl_agent - INFO - Starting epoch 31/500
2025-04-25 12:56:22,533 - marl_agent - INFO - Starting episode 1/5
2025-04-25 12:56:22,712 - marl_agent - INFO - Epoch 30, Episode 0: Rewards=[1.75, 1.5999999999999999]
2025-04-25 12:56:22,721 - marl_agent - INFO - Starting episode 2/5
2025-04-25 12:56:22,900 - marl_agent - INFO - Starting episode 3/5
2025-04-25 12:56:22,969 - marl_agent - INFO - Starting episode 4/5
2025-04-25 12:56:23,137 - marl_agent - INFO - Starting episode 5/5
2025-04-25 12:56:23,179 - marl_agent - INFO - Epoch 30, Episode 4: Rewards=[0.5, 0.05]
2025-04-25 12:56:23,179 - marl_agent - INFO - Epoch 30: Mean Rewards=[1.29, 1.0799999999999998], Mean Loss=-0.008919819444417953
2025-04-25 12:56:23,179 - marl_agent - INFO - Starting epoch 32/500
2025-04-25 12:56:23,188 - marl_agent - INFO - Starting episode 1/5
2025-04-25 12:56:23,342 - marl_agent - INFO - Epoch 31, Episode 0: Rewards=[1.75, 1.5999999999999999]
2025-04-25 12:56:23,350 - marl_agent - INFO - Starting episode 2/5
2025-04-25 12:56:23,524 - marl_agent - INFO - Starting episode 3/5
2025-04-25 12:56:23,694 - marl_agent - INFO - Starting episode 4/5
2025-04-25 12:56:23,865 - marl_agent - INFO - Starting episode 5/5
2025-04-25 12:56:23,930 - marl_agent - INFO - Epoch 31, Episode 4: Rewards=[0.75, 0.2]
2025-04-25 12:56:23,931 - marl_agent - INFO - Epoch 31: Mean Rewards=[1.6, 1.3199999999999998], Mean Loss=0.03527788841165602
2025-04-25 12:56:23,931 - marl_agent - INFO - Starting epoch 33/500
2025-04-25 12:56:23,939 - marl_agent - INFO - Starting episode 1/5
2025-04-25 12:56:24,100 - marl_agent - INFO - Epoch 32, Episode 0: Rewards=[1.9000000000000001, 1.65]
2025-04-25 12:56:24,109 - marl_agent - INFO - Starting episode 2/5
2025-04-25 12:56:24,286 - marl_agent - INFO - Starting episode 3/5
2025-04-25 12:56:24,458 - marl_agent - INFO - Starting episode 4/5
2025-04-25 12:56:24,628 - marl_agent - INFO - Starting episode 5/5
2025-04-25 12:56:24,794 - marl_agent - INFO - Epoch 32, Episode 4: Rewards=[1.65, 1.75]
2025-04-25 12:56:24,794 - marl_agent - INFO - Epoch 32: Mean Rewards=[1.83, 1.7100000000000002], Mean Loss=0.024307160079479216
2025-04-25 12:56:24,795 - marl_agent - INFO - Starting epoch 34/500
2025-04-25 12:56:24,804 - marl_agent - INFO - Starting episode 1/5
2025-04-25 12:56:25,014 - marl_agent - INFO - Epoch 33, Episode 0: Rewards=[1.5999999999999999, 1.65]
2025-04-25 12:56:25,023 - marl_agent - INFO - Starting episode 2/5
2025-04-25 12:56:25,196 - marl_agent - INFO - Starting episode 3/5
2025-04-25 12:56:25,293 - marl_agent - INFO - Starting episode 4/5
2025-04-25 12:56:25,455 - marl_agent - INFO - Starting episode 5/5
2025-04-25 12:56:25,665 - marl_agent - INFO - Epoch 33, Episode 4: Rewards=[1.9, 2.1500000000000004]
2025-04-25 12:56:25,666 - marl_agent - INFO - Epoch 33: Mean Rewards=[1.39, 1.54], Mean Loss=-0.046118047833442685
2025-04-25 12:56:25,666 - marl_agent - INFO - Starting epoch 35/500
2025-04-25 12:56:25,680 - marl_agent - INFO - Starting episode 1/5
2025-04-25 12:56:25,874 - marl_agent - INFO - Epoch 34, Episode 0: Rewards=[1.85, 1.5999999999999999]
2025-04-25 12:56:25,883 - marl_agent - INFO - Starting episode 2/5
2025-04-25 12:56:26,059 - marl_agent - INFO - Starting episode 3/5
2025-04-25 12:56:26,229 - marl_agent - INFO - Starting episode 4/5
2025-04-25 12:56:26,404 - marl_agent - INFO - Starting episode 5/5
2025-04-25 12:56:26,559 - marl_agent - INFO - Epoch 34, Episode 4: Rewards=[1.5999999999999999, 1.5999999999999999]
2025-04-25 12:56:26,559 - marl_agent - INFO - Epoch 34: Mean Rewards=[1.7400000000000002, 1.8599999999999999], Mean Loss=0.002314436435699463
2025-04-25 12:56:26,560 - marl_agent - INFO - Starting epoch 36/500
2025-04-25 12:56:26,568 - marl_agent - INFO - Starting episode 1/5
2025-04-25 12:56:26,650 - marl_agent - INFO - Epoch 35, Episode 0: Rewards=[0.8, 0.45]
2025-04-25 12:56:26,658 - marl_agent - INFO - Starting episode 2/5
2025-04-25 12:56:26,823 - marl_agent - INFO - Starting episode 3/5
2025-04-25 12:56:26,993 - marl_agent - INFO - Starting episode 4/5
2025-04-25 12:56:27,052 - marl_agent - INFO - Starting episode 5/5
2025-04-25 12:56:27,113 - marl_agent - INFO - Epoch 35, Episode 4: Rewards=[0.6000000000000001, 0.25]
2025-04-25 12:56:27,113 - marl_agent - INFO - Epoch 35: Mean Rewards=[1.15, 0.7799999999999999], Mean Loss=0.07342172488570213
2025-04-25 12:56:27,114 - marl_agent - INFO - Starting epoch 37/500
2025-04-25 12:56:27,122 - marl_agent - INFO - Starting episode 1/5
2025-04-25 12:56:27,167 - marl_agent - INFO - Epoch 36, Episode 0: Rewards=[0.45, 0.0]
2025-04-25 12:56:27,175 - marl_agent - INFO - Starting episode 2/5
2025-04-25 12:56:27,343 - marl_agent - INFO - Starting episode 3/5
2025-04-25 12:56:27,519 - marl_agent - INFO - Starting episode 4/5
2025-04-25 12:56:27,676 - marl_agent - INFO - Starting episode 5/5
2025-04-25 12:56:27,842 - marl_agent - INFO - Epoch 36, Episode 4: Rewards=[1.95, 1.5999999999999999]
2025-04-25 12:56:27,842 - marl_agent - INFO - Epoch 36: Mean Rewards=[0.36000000000000004, 1.28], Mean Loss=-0.0006143577396869659
2025-04-25 12:56:27,843 - marl_agent - INFO - Starting epoch 38/500
2025-04-25 12:56:27,851 - marl_agent - INFO - Starting episode 1/5
2025-04-25 12:56:28,011 - marl_agent - INFO - Epoch 37, Episode 0: Rewards=[1.85, 2.2]
2025-04-25 12:56:28,020 - marl_agent - INFO - Starting episode 2/5
2025-04-25 12:56:28,186 - marl_agent - INFO - Starting episode 3/5
2025-04-25 12:56:28,355 - marl_agent - INFO - Starting episode 4/5
2025-04-25 12:56:28,529 - marl_agent - INFO - Starting episode 5/5
2025-04-25 12:56:28,701 - marl_agent - INFO - Epoch 37, Episode 4: Rewards=[2.3500000000000005, 1.5999999999999999]
2025-04-25 12:56:28,701 - marl_agent - INFO - Epoch 37: Mean Rewards=[1.83, 1.72], Mean Loss=-0.020423591881990433
2025-04-25 12:56:28,701 - marl_agent - INFO - Starting epoch 39/500
2025-04-25 12:56:28,710 - marl_agent - INFO - Starting episode 1/5
2025-04-25 12:56:28,879 - marl_agent - INFO - Epoch 38, Episode 0: Rewards=[2.05, 1.85]
2025-04-25 12:56:28,888 - marl_agent - INFO - Starting episode 2/5
2025-04-25 12:56:29,056 - marl_agent - INFO - Starting episode 3/5
2025-04-25 12:56:29,223 - marl_agent - INFO - Starting episode 4/5
2025-04-25 12:56:29,408 - marl_agent - INFO - Starting episode 5/5
2025-04-25 12:56:29,531 - marl_agent - INFO - Epoch 38, Episode 4: Rewards=[0.6000000000000001, 1.0]
2025-04-25 12:56:29,531 - marl_agent - INFO - Epoch 38: Mean Rewards=[0.5800000000000001, 1.5399999999999998], Mean Loss=-0.12175396718084812
2025-04-25 12:56:29,532 - marl_agent - INFO - Starting epoch 40/500
2025-04-25 12:56:29,540 - marl_agent - INFO - Starting episode 1/5
2025-04-25 12:56:29,696 - marl_agent - INFO - Epoch 39, Episode 0: Rewards=[2.0, 1.5999999999999999]
2025-04-25 12:56:29,704 - marl_agent - INFO - Starting episode 2/5
2025-04-25 12:56:29,870 - marl_agent - INFO - Starting episode 3/5
2025-04-25 12:56:30,039 - marl_agent - INFO - Starting episode 4/5
2025-04-25 12:56:30,201 - marl_agent - INFO - Starting episode 5/5
2025-04-25 12:56:30,361 - marl_agent - INFO - Epoch 39, Episode 4: Rewards=[0.19999999999999996, 1.0]
2025-04-25 12:56:30,361 - marl_agent - INFO - Epoch 39: Mean Rewards=[1.32, 1.65], Mean Loss=-0.0009123295545578003
2025-04-25 12:56:30,362 - marl_agent - INFO - Starting epoch 41/500
2025-04-25 12:56:30,370 - marl_agent - INFO - Starting episode 1/5
2025-04-25 12:56:30,528 - marl_agent - INFO - Epoch 40, Episode 0: Rewards=[1.75, 1.5999999999999999]
2025-04-25 12:56:30,536 - marl_agent - INFO - Starting episode 2/5
2025-04-25 12:56:30,703 - marl_agent - INFO - Starting episode 3/5
2025-04-25 12:56:30,949 - marl_agent - INFO - Starting episode 4/5
2025-04-25 12:56:31,113 - marl_agent - INFO - Starting episode 5/5
2025-04-25 12:56:31,273 - marl_agent - INFO - Epoch 40, Episode 4: Rewards=[1.75, 1.5999999999999999]
2025-04-25 12:56:31,274 - marl_agent - INFO - Epoch 40: Mean Rewards=[1.48, 1.8], Mean Loss=-0.004798214137554169
2025-04-25 12:56:31,274 - marl_agent - INFO - Starting epoch 42/500
2025-04-25 12:56:31,283 - marl_agent - INFO - Starting episode 1/5
2025-04-25 12:56:31,481 - marl_agent - INFO - Epoch 41, Episode 0: Rewards=[-2.85, 2.25]
2025-04-25 12:56:31,492 - marl_agent - INFO - Starting episode 2/5
2025-04-25 12:56:31,659 - marl_agent - INFO - Starting episode 3/5
2025-04-25 12:56:31,836 - marl_agent - INFO - Starting episode 4/5
2025-04-25 12:56:32,007 - marl_agent - INFO - Starting episode 5/5
2025-04-25 12:56:32,165 - marl_agent - INFO - Epoch 41, Episode 4: Rewards=[1.7, 1.25]
2025-04-25 12:56:32,165 - marl_agent - INFO - Epoch 41: Mean Rewards=[0.86, 1.46], Mean Loss=-0.06577248871326447
2025-04-25 12:56:32,166 - marl_agent - INFO - Starting epoch 43/500
2025-04-25 12:56:32,174 - marl_agent - INFO - Starting episode 1/5
2025-04-25 12:56:32,333 - marl_agent - INFO - Epoch 42, Episode 0: Rewards=[2.0, 1.6000000000000003]
2025-04-25 12:56:32,341 - marl_agent - INFO - Starting episode 2/5
2025-04-25 12:56:32,508 - marl_agent - INFO - Starting episode 3/5
2025-04-25 12:56:32,675 - marl_agent - INFO - Starting episode 4/5
2025-04-25 12:56:32,864 - marl_agent - INFO - Starting episode 5/5
2025-04-25 12:56:33,027 - marl_agent - INFO - Epoch 42, Episode 4: Rewards=[1.5999999999999999, 1.5999999999999999]
2025-04-25 12:56:33,027 - marl_agent - INFO - Epoch 42: Mean Rewards=[1.9900000000000002, 1.77], Mean Loss=-0.07118242010474204
2025-04-25 12:56:33,028 - marl_agent - INFO - Starting epoch 44/500
2025-04-25 12:56:33,036 - marl_agent - INFO - Starting episode 1/5
2025-04-25 12:56:33,199 - marl_agent - INFO - Epoch 43, Episode 0: Rewards=[1.8499999999999999, 1.9]
2025-04-25 12:56:33,207 - marl_agent - INFO - Starting episode 2/5
2025-04-25 12:56:33,386 - marl_agent - INFO - Starting episode 3/5
2025-04-25 12:56:33,573 - marl_agent - INFO - Starting episode 4/5
2025-04-25 12:56:33,749 - marl_agent - INFO - Starting episode 5/5
2025-04-25 12:56:33,913 - marl_agent - INFO - Epoch 43, Episode 4: Rewards=[2.05, 1.4]
2025-04-25 12:56:33,913 - marl_agent - INFO - Epoch 43: Mean Rewards=[1.9299999999999997, 1.6199999999999999], Mean Loss=0.014828000962734223
2025-04-25 12:56:33,914 - marl_agent - INFO - Starting epoch 45/500
2025-04-25 12:56:33,922 - marl_agent - INFO - Starting episode 1/5
2025-04-25 12:56:34,093 - marl_agent - INFO - Epoch 44, Episode 0: Rewards=[2.05, 1.5999999999999999]
2025-04-25 12:56:34,102 - marl_agent - INFO - Starting episode 2/5
2025-04-25 12:56:34,272 - marl_agent - INFO - Starting episode 3/5
2025-04-25 12:56:34,435 - marl_agent - INFO - Starting episode 4/5
2025-04-25 12:56:34,599 - marl_agent - INFO - Starting episode 5/5
2025-04-25 12:56:34,770 - marl_agent - INFO - Epoch 44, Episode 4: Rewards=[1.65, 1.5999999999999999]
2025-04-25 12:56:34,770 - marl_agent - INFO - Epoch 44: Mean Rewards=[1.4100000000000001, 1.6799999999999997], Mean Loss=-0.014379978924989701
2025-04-25 12:56:34,771 - marl_agent - INFO - Starting epoch 46/500
2025-04-25 12:56:34,780 - marl_agent - INFO - Starting episode 1/5
2025-04-25 12:56:34,943 - marl_agent - INFO - Epoch 45, Episode 0: Rewards=[1.7, 2.3]
2025-04-25 12:56:34,951 - marl_agent - INFO - Starting episode 2/5
2025-04-25 12:56:35,120 - marl_agent - INFO - Starting episode 3/5
2025-04-25 12:56:35,286 - marl_agent - INFO - Starting episode 4/5
2025-04-25 12:56:35,451 - marl_agent - INFO - Starting episode 5/5
2025-04-25 12:56:35,611 - marl_agent - INFO - Epoch 45, Episode 4: Rewards=[2.0, 1.5999999999999999]
2025-04-25 12:56:35,611 - marl_agent - INFO - Epoch 45: Mean Rewards=[1.85, 1.7899999999999998], Mean Loss=-0.011589673161506654
2025-04-25 12:56:35,612 - marl_agent - INFO - Starting epoch 47/500
2025-04-25 12:56:35,621 - marl_agent - INFO - Starting episode 1/5
2025-04-25 12:56:35,763 - marl_agent - INFO - Epoch 46, Episode 0: Rewards=[0.25, 0.7]
2025-04-25 12:56:35,772 - marl_agent - INFO - Starting episode 2/5
2025-04-25 12:56:35,938 - marl_agent - INFO - Starting episode 3/5
2025-04-25 12:56:36,107 - marl_agent - INFO - Starting episode 4/5
2025-04-25 12:56:36,268 - marl_agent - INFO - Starting episode 5/5
2025-04-25 12:56:36,424 - marl_agent - INFO - Epoch 46, Episode 4: Rewards=[1.65, 1.75]
2025-04-25 12:56:36,424 - marl_agent - INFO - Epoch 46: Mean Rewards=[1.1199999999999999, 1.4499999999999997], Mean Loss=-0.040023856610059735
2025-04-25 12:56:36,425 - marl_agent - INFO - Starting epoch 48/500
2025-04-25 12:56:36,433 - marl_agent - INFO - Starting episode 1/5
2025-04-25 12:56:36,597 - marl_agent - INFO - Epoch 47, Episode 0: Rewards=[2.05, 1.9]
2025-04-25 12:56:36,605 - marl_agent - INFO - Starting episode 2/5
2025-04-25 12:56:36,770 - marl_agent - INFO - Starting episode 3/5
2025-04-25 12:56:36,938 - marl_agent - INFO - Starting episode 4/5
2025-04-25 12:56:37,112 - marl_agent - INFO - Starting episode 5/5
2025-04-25 12:56:37,279 - marl_agent - INFO - Epoch 47, Episode 4: Rewards=[1.7, 1.9000000000000001]
2025-04-25 12:56:37,280 - marl_agent - INFO - Epoch 47: Mean Rewards=[1.7399999999999998, 1.85], Mean Loss=0.01041874885559082
2025-04-25 12:56:37,280 - marl_agent - INFO - Starting epoch 49/500
2025-04-25 12:56:37,289 - marl_agent - INFO - Starting episode 1/5
2025-04-25 12:56:37,456 - marl_agent - INFO - Epoch 48, Episode 0: Rewards=[1.65, 2.0]
2025-04-25 12:56:37,465 - marl_agent - INFO - Starting episode 2/5
2025-04-25 12:56:37,644 - marl_agent - INFO - Starting episode 3/5
2025-04-25 12:56:37,826 - marl_agent - INFO - Starting episode 4/5
2025-04-25 12:56:38,128 - marl_agent - INFO - Starting episode 5/5
2025-04-25 12:56:38,309 - marl_agent - INFO - Epoch 48, Episode 4: Rewards=[-2.75, 1.5000000000000002]
2025-04-25 12:56:38,310 - marl_agent - INFO - Epoch 48: Mean Rewards=[0.1, 1.65], Mean Loss=-0.1269844189286232
2025-04-25 12:56:38,311 - marl_agent - INFO - Starting epoch 50/500
2025-04-25 12:56:38,321 - marl_agent - INFO - Starting episode 1/5
2025-04-25 12:56:38,508 - marl_agent - INFO - Epoch 49, Episode 0: Rewards=[1.9500000000000002, 1.45]
2025-04-25 12:56:38,518 - marl_agent - INFO - Starting episode 2/5
2025-04-25 12:56:38,710 - marl_agent - INFO - Starting episode 3/5
2025-04-25 12:56:38,908 - marl_agent - INFO - Starting episode 4/5
2025-04-25 12:56:38,974 - marl_agent - INFO - Starting episode 5/5
2025-04-25 12:56:39,142 - marl_agent - INFO - Epoch 49, Episode 4: Rewards=[1.1, 1.9]
2025-04-25 12:56:39,142 - marl_agent - INFO - Epoch 49: Mean Rewards=[1.42, 1.3099999999999998], Mean Loss=0.0213119238615036
2025-04-25 12:56:39,156 - marl_agent - INFO - Starting epoch 51/500
2025-04-25 12:56:39,165 - marl_agent - INFO - Starting episode 1/5
2025-04-25 12:56:39,866 - marl_agent - INFO - Epoch 50, Episode 0: Rewards=[1.7999999999999998, 1.5999999999999999]
2025-04-25 12:56:39,879 - marl_agent - INFO - Starting episode 2/5
2025-04-25 12:56:40,123 - marl_agent - INFO - Starting episode 3/5
2025-04-25 12:56:40,354 - marl_agent - INFO - Starting episode 4/5
2025-04-25 12:56:40,587 - marl_agent - INFO - Starting episode 5/5
2025-04-25 12:56:40,797 - marl_agent - INFO - Epoch 50, Episode 4: Rewards=[2.05, 1.5999999999999999]
2025-04-25 12:56:40,797 - marl_agent - INFO - Epoch 50: Mean Rewards=[1.9100000000000001, 1.6299999999999997], Mean Loss=-0.018792591989040375
2025-04-25 12:56:40,798 - marl_agent - INFO - Starting epoch 52/500
2025-04-25 12:56:40,809 - marl_agent - INFO - Starting episode 1/5
2025-04-25 12:56:41,053 - marl_agent - INFO - Epoch 51, Episode 0: Rewards=[1.7999999999999998, 1.65]
2025-04-25 12:56:41,064 - marl_agent - INFO - Starting episode 2/5
2025-04-25 12:56:41,190 - marl_agent - INFO - Starting episode 3/5
2025-04-25 12:56:41,417 - marl_agent - INFO - Starting episode 4/5
2025-04-25 12:56:41,534 - marl_agent - INFO - Starting episode 5/5
2025-04-25 12:56:41,762 - marl_agent - INFO - Epoch 51, Episode 4: Rewards=[2.05, 1.5999999999999999]
2025-04-25 12:56:41,762 - marl_agent - INFO - Epoch 51: Mean Rewards=[1.4300000000000002, 1.13], Mean Loss=-0.04248591959476471
2025-04-25 12:56:41,763 - marl_agent - INFO - Starting epoch 53/500
2025-04-25 12:56:41,773 - marl_agent - INFO - Starting episode 1/5
2025-04-25 12:56:41,986 - marl_agent - INFO - Epoch 52, Episode 0: Rewards=[2.05, 1.5999999999999999]
2025-04-25 12:56:41,997 - marl_agent - INFO - Starting episode 2/5
2025-04-25 12:56:42,262 - marl_agent - INFO - Starting episode 3/5
2025-04-25 12:56:42,491 - marl_agent - INFO - Starting episode 4/5
2025-04-25 12:56:42,707 - marl_agent - INFO - Starting episode 5/5
2025-04-25 12:56:42,869 - marl_agent - INFO - Epoch 52, Episode 4: Rewards=[1.2, 0.9500000000000001]
2025-04-25 12:56:42,869 - marl_agent - INFO - Epoch 52: Mean Rewards=[1.77, 1.51], Mean Loss=-0.10123298205435276
2025-04-25 12:56:42,870 - marl_agent - INFO - Starting epoch 54/500
2025-04-25 12:56:42,881 - marl_agent - INFO - Starting episode 1/5
2025-04-25 12:56:43,095 - marl_agent - INFO - Epoch 53, Episode 0: Rewards=[1.5999999999999999, 1.5999999999999999]
2025-04-25 12:56:43,106 - marl_agent - INFO - Starting episode 2/5
2025-04-25 12:56:43,329 - marl_agent - INFO - Starting episode 3/5
2025-04-25 12:56:43,401 - marl_agent - INFO - Starting episode 4/5
2025-04-25 12:56:43,632 - marl_agent - INFO - Starting episode 5/5
2025-04-25 12:56:43,852 - marl_agent - INFO - Epoch 53, Episode 4: Rewards=[1.9500000000000002, 1.2000000000000002]
2025-04-25 12:56:43,852 - marl_agent - INFO - Epoch 53: Mean Rewards=[1.6700000000000004, 1.31], Mean Loss=0.017220228910446167
2025-04-25 12:56:43,853 - marl_agent - INFO - Starting epoch 55/500
2025-04-25 12:56:43,864 - marl_agent - INFO - Starting episode 1/5
2025-04-25 12:56:44,088 - marl_agent - INFO - Epoch 54, Episode 0: Rewards=[1.9, 2.05]
2025-04-25 12:56:44,099 - marl_agent - INFO - Starting episode 2/5
2025-04-25 12:56:44,378 - marl_agent - INFO - Starting episode 3/5
2025-04-25 12:56:44,605 - marl_agent - INFO - Starting episode 4/5
2025-04-25 12:56:44,841 - marl_agent - INFO - Starting episode 5/5
2025-04-25 12:56:45,052 - marl_agent - INFO - Epoch 54, Episode 4: Rewards=[2.1, 2.05]
2025-04-25 12:56:45,052 - marl_agent - INFO - Epoch 54: Mean Rewards=[1.9900000000000002, 1.9299999999999997], Mean Loss=0.006091026961803437
2025-04-25 12:56:45,053 - marl_agent - INFO - Starting epoch 56/500
2025-04-25 12:56:45,063 - marl_agent - INFO - Starting episode 1/5
2025-04-25 12:56:45,281 - marl_agent - INFO - Epoch 55, Episode 0: Rewards=[2.3500000000000005, 1.5999999999999999]
2025-04-25 12:56:45,292 - marl_agent - INFO - Starting episode 2/5
2025-04-25 12:56:45,514 - marl_agent - INFO - Starting episode 3/5
2025-04-25 12:56:45,739 - marl_agent - INFO - Starting episode 4/5
2025-04-25 12:56:45,962 - marl_agent - INFO - Starting episode 5/5
2025-04-25 12:56:46,177 - marl_agent - INFO - Epoch 55, Episode 4: Rewards=[0.6499999999999999, 2.3000000000000003]
2025-04-25 12:56:46,178 - marl_agent - INFO - Epoch 55: Mean Rewards=[1.36, 1.48], Mean Loss=-0.0688581109046936
2025-04-25 12:56:46,179 - marl_agent - INFO - Starting epoch 57/500
2025-04-25 12:56:46,189 - marl_agent - INFO - Starting episode 1/5
2025-04-25 12:56:46,401 - marl_agent - INFO - Epoch 56, Episode 0: Rewards=[2.05, 1.85]
2025-04-25 12:56:46,411 - marl_agent - INFO - Starting episode 2/5
2025-04-25 12:56:46,650 - marl_agent - INFO - Starting episode 3/5
2025-04-25 12:56:46,879 - marl_agent - INFO - Starting episode 4/5
2025-04-25 12:56:47,113 - marl_agent - INFO - Starting episode 5/5
2025-04-25 12:56:47,327 - marl_agent - INFO - Epoch 56, Episode 4: Rewards=[1.9, 1.85]
2025-04-25 12:56:47,327 - marl_agent - INFO - Epoch 56: Mean Rewards=[0.9399999999999998, 1.7099999999999997], Mean Loss=-0.12083271294832229
2025-04-25 12:56:47,328 - marl_agent - INFO - Starting epoch 58/500
2025-04-25 12:56:47,339 - marl_agent - INFO - Starting episode 1/5
2025-04-25 12:56:47,546 - marl_agent - INFO - Epoch 57, Episode 0: Rewards=[1.85, 1.6999999999999997]
2025-04-25 12:56:47,558 - marl_agent - INFO - Starting episode 2/5
2025-04-25 12:56:47,783 - marl_agent - INFO - Starting episode 3/5
2025-04-25 12:56:47,859 - marl_agent - INFO - Starting episode 4/5
2025-04-25 12:56:47,925 - marl_agent - INFO - Starting episode 5/5
2025-04-25 12:56:48,142 - marl_agent - INFO - Epoch 57, Episode 4: Rewards=[1.7, 1.5999999999999999]
2025-04-25 12:56:48,142 - marl_agent - INFO - Epoch 57: Mean Rewards=[1.31, 1.02], Mean Loss=-0.06934104561805725
2025-04-25 12:56:48,143 - marl_agent - INFO - Starting epoch 59/500
2025-04-25 12:56:48,156 - marl_agent - INFO - Starting episode 1/5
2025-04-25 12:56:48,372 - marl_agent - INFO - Epoch 58, Episode 0: Rewards=[1.5999999999999999, 1.5999999999999999]
2025-04-25 12:56:48,383 - marl_agent - INFO - Starting episode 2/5
2025-04-25 12:56:48,610 - marl_agent - INFO - Starting episode 3/5
2025-04-25 12:56:48,831 - marl_agent - INFO - Starting episode 4/5
2025-04-25 12:56:49,064 - marl_agent - INFO - Starting episode 5/5
2025-04-25 12:56:49,337 - marl_agent - INFO - Epoch 58, Episode 4: Rewards=[1.9500000000000002, 2.1500000000000004]
2025-04-25 12:56:49,337 - marl_agent - INFO - Epoch 58: Mean Rewards=[1.8700000000000003, 1.61], Mean Loss=0.06770498603582382
2025-04-25 12:56:49,338 - marl_agent - INFO - Starting epoch 60/500
2025-04-25 12:56:49,350 - marl_agent - INFO - Starting episode 1/5
2025-04-25 12:56:49,622 - marl_agent - INFO - Epoch 59, Episode 0: Rewards=[1.4, 2.2]
2025-04-25 12:56:49,634 - marl_agent - INFO - Starting episode 2/5
2025-04-25 12:56:49,882 - marl_agent - INFO - Starting episode 3/5
2025-04-25 12:56:50,117 - marl_agent - INFO - Starting episode 4/5
2025-04-25 12:56:50,357 - marl_agent - INFO - Starting episode 5/5
2025-04-25 12:56:50,849 - marl_agent - INFO - Epoch 59, Episode 4: Rewards=[1.9500000000000002, 1.6999999999999997]
2025-04-25 12:56:50,849 - marl_agent - INFO - Epoch 59: Mean Rewards=[1.8399999999999999, 2.0], Mean Loss=0.018070872128009795
2025-04-25 12:56:50,851 - marl_agent - INFO - Starting epoch 61/500
2025-04-25 12:56:50,862 - marl_agent - INFO - Starting episode 1/5
2025-04-25 12:56:51,111 - marl_agent - INFO - Epoch 60, Episode 0: Rewards=[1.95, 1.5999999999999999]
2025-04-25 12:56:51,122 - marl_agent - INFO - Starting episode 2/5
2025-04-25 12:56:51,274 - marl_agent - INFO - Starting episode 3/5
2025-04-25 12:56:51,519 - marl_agent - INFO - Starting episode 4/5
2025-04-25 12:56:51,768 - marl_agent - INFO - Starting episode 5/5
2025-04-25 12:56:52,006 - marl_agent - INFO - Epoch 60, Episode 4: Rewards=[1.75, 2.1]
2025-04-25 12:56:52,006 - marl_agent - INFO - Epoch 60: Mean Rewards=[1.47, 1.4899999999999998], Mean Loss=0.004710982739925385
2025-04-25 12:56:52,007 - marl_agent - INFO - Starting epoch 62/500
2025-04-25 12:56:52,018 - marl_agent - INFO - Starting episode 1/5
2025-04-25 12:56:52,506 - marl_agent - INFO - Epoch 61, Episode 0: Rewards=[1.95, 1.85]
2025-04-25 12:56:52,535 - marl_agent - INFO - Starting episode 2/5
2025-04-25 12:56:52,788 - marl_agent - INFO - Starting episode 3/5
2025-04-25 12:56:53,038 - marl_agent - INFO - Starting episode 4/5
2025-04-25 12:56:54,024 - marl_agent - INFO - Starting episode 5/5
2025-04-25 12:56:54,424 - marl_agent - INFO - Epoch 61, Episode 4: Rewards=[2.1, 1.5999999999999999]
2025-04-25 12:56:54,424 - marl_agent - INFO - Epoch 61: Mean Rewards=[1.1199999999999999, 1.8], Mean Loss=0.005178386718034745
2025-04-25 12:56:54,425 - marl_agent - INFO - Starting epoch 63/500
2025-04-25 12:56:54,440 - marl_agent - INFO - Starting episode 1/5
2025-04-25 12:56:54,843 - marl_agent - INFO - Epoch 62, Episode 0: Rewards=[1.5999999999999999, 2.1500000000000004]
2025-04-25 12:56:54,857 - marl_agent - INFO - Starting episode 2/5
2025-04-25 12:56:55,174 - marl_agent - INFO - Starting episode 3/5
2025-04-25 12:56:55,591 - marl_agent - INFO - Starting episode 4/5
2025-04-25 12:56:56,017 - marl_agent - INFO - Starting episode 5/5
2025-04-25 12:56:56,420 - marl_agent - INFO - Epoch 62, Episode 4: Rewards=[2.05, 1.5999999999999999]
2025-04-25 12:56:56,420 - marl_agent - INFO - Epoch 62: Mean Rewards=[1.8, 1.65], Mean Loss=-0.042594417184591296
2025-04-25 12:56:56,422 - marl_agent - INFO - Starting epoch 64/500
2025-04-25 12:56:56,436 - marl_agent - INFO - Starting episode 1/5
2025-04-25 12:56:56,838 - marl_agent - INFO - Epoch 63, Episode 0: Rewards=[2.0, 2.1500000000000004]
2025-04-25 12:56:56,853 - marl_agent - INFO - Starting episode 2/5
2025-04-25 12:56:57,270 - marl_agent - INFO - Starting episode 3/5
2025-04-25 12:56:57,688 - marl_agent - INFO - Starting episode 4/5
2025-04-25 12:56:58,103 - marl_agent - INFO - Starting episode 5/5
2025-04-25 12:56:58,506 - marl_agent - INFO - Epoch 63, Episode 4: Rewards=[1.8, 1.5999999999999999]
2025-04-25 12:56:58,507 - marl_agent - INFO - Epoch 63: Mean Rewards=[1.8900000000000001, 1.81], Mean Loss=-0.01675743907690048
2025-04-25 12:56:58,508 - marl_agent - INFO - Starting epoch 65/500
2025-04-25 12:56:58,522 - marl_agent - INFO - Starting episode 1/5
2025-04-25 12:56:59,086 - marl_agent - INFO - Epoch 64, Episode 0: Rewards=[2.3500000000000005, 1.5999999999999999]
2025-04-25 12:56:59,104 - marl_agent - INFO - Starting episode 2/5
