2025-04-19 06:54:01,317 - marl_agent - INFO - Starting experiment with config: {'environment': {'env_id': 'two-way-v0', 'render_mode': 'human', 'dt': 0.2, 'max_episode_steps': 200, 'observation_type': 'Kinematics', 'vehicles_count': 8, 'collision_reward': -10.0, 'high_speed_reward': 0.1, 'normalize_reward': True, 'offroad_terminal': False, 'right_lane_reward': 0.3, 'lanes_count': 4, 'lane_width': 4.0, 'screen_width': 900, 'screen_height': 700, 'scaling': 6.0, 'show_trajectories': True, 'simulation_frequency': 15, 'policy_frequency': 5, 'other_vehicles_type': 'highway_env.vehicle.behavior.IDMVehicle'}, 'agents': {'num_agents': 2, 'observation_space': {'features': True, 'vehicles_count': 10}, 'action_space': {'discrete': True, 'actions': ['IDLE', 'SLOWER', 'FASTER', 'LANE_LEFT', 'LANE_RIGHT']}}, 'training': {'algorithm': 'VPG', 'learning_rate': 0.0003, 'gamma': 0.99, 'epochs': 500, 'episodes_per_epoch': 5, 'batch_size': 64, 'epsilon_start': 0.5, 'epsilon_end': 0.05, 'epsilon_decay': 0.995}, 'network': {'hidden_layers': [256, 128], 'activation': 'relu'}, 'logging': {'log_interval': 10, 'checkpoint_interval': 50, 'tensorboard': True}}
2025-04-19 06:54:04,755 - marl_agent - INFO - Starting epoch 1/500
2025-04-19 06:54:04,825 - marl_agent - INFO - Starting episode 1/5
2025-04-19 06:54:08,158 - marl_agent - INFO - Step 10, Rewards: [0.2, 0.1]
2025-04-19 06:54:11,441 - marl_agent - INFO - Step 20, Rewards: [0.25, 0.1]
2025-04-19 06:54:14,766 - marl_agent - INFO - Step 30, Rewards: [0.05, 0.1]
2025-04-19 06:54:14,767 - marl_agent - INFO - Epoch 0, Episode 0: Rewards=[3.0, 3.0000000000000013]
2025-04-19 06:54:14,789 - marl_agent - INFO - Starting episode 2/5
2025-04-19 06:54:21,654 - marl_agent - INFO - Step 10, Rewards: [0.25, 0.1]
2025-04-19 06:54:24,830 - marl_agent - INFO - Step 20, Rewards: [0.2, 0.1]
2025-04-19 06:54:28,118 - marl_agent - INFO - Step 30, Rewards: [0.0, 0.1]
2025-04-19 06:54:28,138 - marl_agent - INFO - Starting episode 3/5
2025-04-19 06:54:31,465 - marl_agent - INFO - Step 10, Rewards: [0.2, 0.1]
2025-04-19 06:54:34,749 - marl_agent - INFO - Step 20, Rewards: [0.0, 0.1]
2025-04-19 06:54:38,033 - marl_agent - INFO - Step 30, Rewards: [0.1, 0.1]
2025-04-19 06:54:38,044 - marl_agent - INFO - Starting episode 4/5
2025-04-19 06:54:41,204 - marl_agent - INFO - Step 10, Rewards: [0.2, 0.1]
2025-04-19 06:54:44,388 - marl_agent - INFO - Step 20, Rewards: [0.30000000000000004, 0.1]
2025-04-19 06:54:47,628 - marl_agent - INFO - Step 30, Rewards: [0.25, 0.1]
2025-04-19 06:54:47,653 - marl_agent - INFO - Starting episode 5/5
2025-04-19 06:54:50,933 - marl_agent - INFO - Step 10, Rewards: [0.2, 0.1]
2025-04-19 06:54:54,230 - marl_agent - INFO - Step 20, Rewards: [0.30000000000000004, 0.1]
2025-04-19 06:54:57,543 - marl_agent - INFO - Step 30, Rewards: [0.1, 0.1]
2025-04-19 06:54:57,544 - marl_agent - INFO - Epoch 0, Episode 4: Rewards=[6.849999999999997, 3.0000000000000013]
2025-04-19 06:54:57,544 - marl_agent - INFO - Epoch 0: Mean Rewards=[3.9599999999999995, 3.0000000000000013], Mean Loss=0.0
2025-04-19 06:54:57,547 - marl_agent - INFO - Starting epoch 2/500
2025-04-19 06:54:57,561 - marl_agent - INFO - Starting episode 1/5
2025-04-19 06:55:00,725 - marl_agent - INFO - Step 10, Rewards: [0.2, 0.1]
2025-04-19 06:55:03,937 - marl_agent - INFO - Step 20, Rewards: [0.30000000000000004, 0.1]
2025-04-19 06:55:07,164 - marl_agent - INFO - Step 30, Rewards: [0.2, 0.1]
2025-04-19 06:55:07,165 - marl_agent - INFO - Epoch 1, Episode 0: Rewards=[3.4000000000000012, 3.0000000000000013]
2025-04-19 06:55:07,182 - marl_agent - INFO - Starting episode 2/5
2025-04-19 06:55:10,430 - marl_agent - INFO - Step 10, Rewards: [0.2, 0.1]
2025-04-19 06:55:13,740 - marl_agent - INFO - Step 20, Rewards: [-1.0, 0.1]
2025-04-19 06:55:17,062 - marl_agent - INFO - Step 30, Rewards: [0.0, 0.1]
2025-04-19 06:55:17,075 - marl_agent - INFO - Starting episode 3/5
2025-04-19 06:55:20,253 - marl_agent - INFO - Step 10, Rewards: [0.2, 0.1]
2025-04-19 06:55:23,426 - marl_agent - INFO - Step 20, Rewards: [0.25, 0.1]
2025-04-19 06:55:26,608 - marl_agent - INFO - Step 30, Rewards: [0.2, 0.1]
2025-04-19 06:55:26,623 - marl_agent - INFO - Starting episode 4/5
2025-04-19 06:55:29,881 - marl_agent - INFO - Step 10, Rewards: [0.25, 0.1]
2025-04-19 06:55:33,273 - marl_agent - INFO - Step 20, Rewards: [0.2, 0.1]
2025-04-19 06:55:36,605 - marl_agent - INFO - Step 30, Rewards: [0.2, 0.1]
2025-04-19 06:55:36,636 - marl_agent - INFO - Starting episode 5/5
2025-04-19 06:55:39,829 - marl_agent - INFO - Step 10, Rewards: [0.25, 0.1]
2025-04-19 06:55:42,997 - marl_agent - INFO - Step 20, Rewards: [0.30000000000000004, 0.1]
2025-04-19 06:55:46,164 - marl_agent - INFO - Step 30, Rewards: [0.25, 0.1]
2025-04-19 06:55:46,164 - marl_agent - INFO - Epoch 1, Episode 4: Rewards=[6.450000000000002, 3.0000000000000013]
2025-04-19 06:55:46,165 - marl_agent - INFO - Epoch 1: Mean Rewards=[5.130000000000002, 3.0000000000000013], Mean Loss=0.0
2025-04-19 06:55:46,165 - marl_agent - INFO - Starting epoch 3/500
2025-04-19 06:55:46,176 - marl_agent - INFO - Starting episode 1/5
2025-04-19 06:55:49,415 - marl_agent - INFO - Step 10, Rewards: [-1.0, 0.1]
2025-04-19 06:55:52,710 - marl_agent - INFO - Step 20, Rewards: [0.25, 0.1]
2025-04-19 06:55:56,001 - marl_agent - INFO - Step 30, Rewards: [0.25, 0.1]
2025-04-19 06:55:56,003 - marl_agent - INFO - Epoch 2, Episode 0: Rewards=[-2.749999999999999, 3.0000000000000013]
2025-04-19 06:55:56,016 - marl_agent - INFO - Starting episode 2/5
2025-04-19 06:55:59,230 - marl_agent - INFO - Step 10, Rewards: [0.2, 0.1]
2025-04-19 06:56:02,405 - marl_agent - INFO - Step 20, Rewards: [0.25, 0.1]
2025-04-19 06:56:05,631 - marl_agent - INFO - Step 30, Rewards: [0.0, 0.1]
2025-04-19 06:56:05,642 - marl_agent - INFO - Starting episode 3/5
2025-04-19 06:56:08,873 - marl_agent - INFO - Step 10, Rewards: [0.2, 0.1]
2025-04-19 06:56:12,171 - marl_agent - INFO - Step 20, Rewards: [0.30000000000000004, 0.1]
2025-04-19 06:56:15,454 - marl_agent - INFO - Step 30, Rewards: [0.30000000000000004, 0.1]
2025-04-19 06:56:15,475 - marl_agent - INFO - Starting episode 4/5
2025-04-19 06:56:18,708 - marl_agent - INFO - Step 10, Rewards: [0.2, 0.1]
2025-04-19 06:56:21,878 - marl_agent - INFO - Step 20, Rewards: [0.25, 0.1]
2025-04-19 06:56:25,074 - marl_agent - INFO - Step 30, Rewards: [0.30000000000000004, 0.1]
2025-04-19 06:56:25,089 - marl_agent - INFO - Starting episode 5/5
2025-04-19 06:56:28,282 - marl_agent - INFO - Step 10, Rewards: [0.2, 0.1]
2025-04-19 06:56:31,677 - marl_agent - INFO - Step 20, Rewards: [0.2, 0.1]
2025-04-19 06:56:34,927 - marl_agent - INFO - Step 30, Rewards: [0.25, 0.1]
2025-04-19 06:56:34,930 - marl_agent - INFO - Epoch 2, Episode 4: Rewards=[6.7, 3.0000000000000013]
2025-04-19 06:56:34,930 - marl_agent - INFO - Epoch 2: Mean Rewards=[2.87, 3.0000000000000013], Mean Loss=0.0
2025-04-19 06:56:34,931 - marl_agent - INFO - Starting epoch 4/500
2025-04-19 06:56:34,954 - marl_agent - INFO - Starting episode 1/5
2025-04-19 06:56:38,215 - marl_agent - INFO - Step 10, Rewards: [0.25, 0.1]
2025-04-19 06:56:41,391 - marl_agent - INFO - Step 20, Rewards: [0.0, 0.1]
2025-04-19 06:56:44,585 - marl_agent - INFO - Step 30, Rewards: [0.1, 0.1]
2025-04-19 06:56:44,586 - marl_agent - INFO - Epoch 3, Episode 0: Rewards=[0.4500000000000004, 3.0000000000000013]
2025-04-19 06:56:44,596 - marl_agent - INFO - Starting episode 2/5
2025-04-19 06:56:47,777 - marl_agent - INFO - Step 10, Rewards: [0.2, 0.1]
2025-04-19 06:56:51,088 - marl_agent - INFO - Step 20, Rewards: [0.05, 0.1]
2025-04-19 06:56:54,369 - marl_agent - INFO - Step 30, Rewards: [0.2, 0.1]
2025-04-19 06:56:54,397 - marl_agent - INFO - Starting episode 3/5
2025-04-19 06:56:57,715 - marl_agent - INFO - Step 10, Rewards: [0.25, 0.1]
2025-04-19 06:57:00,916 - marl_agent - INFO - Step 20, Rewards: [0.30000000000000004, 0.1]
2025-04-19 06:57:04,095 - marl_agent - INFO - Step 30, Rewards: [0.1, 0.1]
2025-04-19 06:57:04,106 - marl_agent - INFO - Starting episode 4/5
2025-04-19 06:57:07,293 - marl_agent - INFO - Step 10, Rewards: [0.2, 0.1]
2025-04-19 06:57:10,536 - marl_agent - INFO - Step 20, Rewards: [0.25, 0.1]
2025-04-19 06:57:13,815 - marl_agent - INFO - Step 30, Rewards: [0.2, 0.1]
2025-04-19 06:57:13,831 - marl_agent - INFO - Starting episode 5/5
2025-04-19 06:57:17,098 - marl_agent - INFO - Step 10, Rewards: [0.25, 0.1]
2025-04-19 06:57:20,304 - marl_agent - INFO - Step 20, Rewards: [0.2, 0.1]
2025-04-19 06:57:23,471 - marl_agent - INFO - Step 30, Rewards: [0.05, 0.1]
2025-04-19 06:57:23,472 - marl_agent - INFO - Epoch 3, Episode 4: Rewards=[5.8500000000000005, 3.0000000000000013]
2025-04-19 06:57:23,472 - marl_agent - INFO - Epoch 3: Mean Rewards=[2.919999999999999, 3.0000000000000013], Mean Loss=0.0
2025-04-19 06:57:23,472 - marl_agent - INFO - Starting epoch 5/500
2025-04-19 06:57:23,484 - marl_agent - INFO - Starting episode 1/5
2025-04-19 06:57:26,657 - marl_agent - INFO - Step 10, Rewards: [0.25, 0.1]
2025-04-19 06:57:29,979 - marl_agent - INFO - Step 20, Rewards: [0.2, 0.1]
2025-04-19 06:57:33,331 - marl_agent - INFO - Step 30, Rewards: [0.05, 0.1]
2025-04-19 06:57:33,333 - marl_agent - INFO - Epoch 4, Episode 0: Rewards=[6.500000000000002, 3.0000000000000013]
2025-04-19 06:57:33,359 - marl_agent - INFO - Starting episode 2/5
2025-04-19 06:57:36,624 - marl_agent - INFO - Step 10, Rewards: [0.2, 0.1]
2025-04-19 06:57:39,795 - marl_agent - INFO - Step 20, Rewards: [0.05, 0.1]
2025-04-19 06:57:42,977 - marl_agent - INFO - Step 30, Rewards: [0.30000000000000004, 0.1]
2025-04-19 06:57:42,989 - marl_agent - INFO - Starting episode 3/5
2025-04-19 06:57:46,165 - marl_agent - INFO - Step 10, Rewards: [0.25, 0.1]
2025-04-19 06:57:49,428 - marl_agent - INFO - Step 20, Rewards: [0.25, 0.1]
2025-04-19 06:57:52,695 - marl_agent - INFO - Step 30, Rewards: [0.0, 0.1]
2025-04-19 06:57:52,727 - marl_agent - INFO - Starting episode 4/5
2025-04-19 06:57:55,920 - marl_agent - INFO - Step 10, Rewards: [0.2, 0.1]
2025-04-19 06:57:59,091 - marl_agent - INFO - Step 20, Rewards: [0.2, 0.1]
2025-04-19 06:58:02,262 - marl_agent - INFO - Step 30, Rewards: [0.0, 0.1]
2025-04-19 06:58:02,277 - marl_agent - INFO - Starting episode 5/5
2025-04-19 06:58:05,471 - marl_agent - INFO - Step 10, Rewards: [0.05, 0.1]
2025-04-19 06:58:08,744 - marl_agent - INFO - Step 20, Rewards: [0.2, 0.1]
2025-04-19 06:58:12,057 - marl_agent - INFO - Step 30, Rewards: [0.05, 0.1]
2025-04-19 06:58:12,057 - marl_agent - INFO - Epoch 4, Episode 4: Rewards=[4.45, 3.0000000000000013]
2025-04-19 06:58:12,058 - marl_agent - INFO - Epoch 4: Mean Rewards=[4.71, 3.0000000000000013], Mean Loss=0.0
2025-04-19 06:58:12,059 - marl_agent - INFO - Starting epoch 6/500
2025-04-19 06:58:12,069 - marl_agent - INFO - Starting episode 1/5
2025-04-19 06:58:15,270 - marl_agent - INFO - Step 10, Rewards: [0.30000000000000004, 0.1]
2025-04-19 06:58:18,472 - marl_agent - INFO - Step 20, Rewards: [0.25, 0.1]
2025-04-19 06:58:21,649 - marl_agent - INFO - Step 30, Rewards: [0.25, 0.1]
2025-04-19 06:58:21,649 - marl_agent - INFO - Epoch 5, Episode 0: Rewards=[3.9000000000000004, 3.0000000000000013]
2025-04-19 06:58:21,677 - marl_agent - INFO - Starting episode 2/5
2025-04-19 06:58:24,935 - marl_agent - INFO - Step 10, Rewards: [0.25, 0.1]
2025-04-19 06:58:28,222 - marl_agent - INFO - Step 20, Rewards: [0.0, 0.1]
2025-04-19 06:58:31,516 - marl_agent - INFO - Step 30, Rewards: [0.25, 0.1]
2025-04-19 06:58:31,539 - marl_agent - INFO - Starting episode 3/5
2025-04-19 06:58:34,730 - marl_agent - INFO - Step 10, Rewards: [0.2, 0.1]
2025-04-19 06:58:37,909 - marl_agent - INFO - Step 20, Rewards: [0.05, 0.1]
2025-04-19 06:58:41,125 - marl_agent - INFO - Step 30, Rewards: [0.0, 0.1]
2025-04-19 06:58:41,139 - marl_agent - INFO - Starting episode 4/5
2025-04-19 06:58:44,398 - marl_agent - INFO - Step 10, Rewards: [0.2, 0.1]
2025-04-19 06:58:47,729 - marl_agent - INFO - Step 20, Rewards: [0.05, 0.1]
2025-04-19 06:58:50,991 - marl_agent - INFO - Step 30, Rewards: [0.05, 0.1]
2025-04-19 06:58:51,028 - marl_agent - INFO - Starting episode 5/5
2025-04-19 06:58:54,194 - marl_agent - INFO - Step 10, Rewards: [0.2, 0.1]
2025-04-19 06:58:57,365 - marl_agent - INFO - Step 20, Rewards: [0.30000000000000004, 0.1]
2025-04-19 06:59:00,586 - marl_agent - INFO - Step 30, Rewards: [0.25, 0.1]
2025-04-19 06:59:00,586 - marl_agent - INFO - Epoch 5, Episode 4: Rewards=[3.0500000000000007, 3.0000000000000013]
2025-04-19 06:59:00,586 - marl_agent - INFO - Epoch 5: Mean Rewards=[3.5, 3.0000000000000013], Mean Loss=0.0
2025-04-19 06:59:00,588 - marl_agent - INFO - Starting epoch 7/500
2025-04-19 06:59:00,606 - marl_agent - INFO - Starting episode 1/5
2025-04-19 06:59:03,899 - marl_agent - INFO - Step 10, Rewards: [0.05, 0.1]
2025-04-19 06:59:07,244 - marl_agent - INFO - Step 20, Rewards: [0.1, 0.1]
2025-04-19 06:59:10,539 - marl_agent - INFO - Step 30, Rewards: [0.30000000000000004, 0.1]
2025-04-19 06:59:10,539 - marl_agent - INFO - Epoch 6, Episode 0: Rewards=[3.2, 3.0000000000000013]
2025-04-19 06:59:10,549 - marl_agent - INFO - Starting episode 2/5
2025-04-19 06:59:13,701 - marl_agent - INFO - Step 10, Rewards: [0.2, 0.1]
2025-04-19 06:59:16,862 - marl_agent - INFO - Step 20, Rewards: [0.25, 0.1]
2025-04-19 06:59:20,041 - marl_agent - INFO - Step 30, Rewards: [0.1, 0.1]
2025-04-19 06:59:20,058 - marl_agent - INFO - Starting episode 3/5
2025-04-19 06:59:23,325 - marl_agent - INFO - Step 10, Rewards: [0.0, 0.1]
2025-04-19 06:59:26,603 - marl_agent - INFO - Step 20, Rewards: [0.05, 0.1]
2025-04-19 06:59:29,845 - marl_agent - INFO - Step 30, Rewards: [0.05, 0.1]
2025-04-19 06:59:29,856 - marl_agent - INFO - Starting episode 4/5
2025-04-19 06:59:33,045 - marl_agent - INFO - Step 10, Rewards: [0.25, 0.1]
2025-04-19 06:59:36,228 - marl_agent - INFO - Step 20, Rewards: [0.30000000000000004, 0.1]
2025-04-19 06:59:39,428 - marl_agent - INFO - Step 30, Rewards: [0.1, 0.1]
2025-04-19 06:59:39,440 - marl_agent - INFO - Starting episode 5/5
2025-04-19 06:59:42,738 - marl_agent - INFO - Step 10, Rewards: [0.25, 0.1]
2025-04-19 06:59:46,015 - marl_agent - INFO - Step 20, Rewards: [0.25, 0.1]
2025-04-19 06:59:49,197 - marl_agent - INFO - Step 30, Rewards: [0.1, 0.1]
2025-04-19 06:59:49,197 - marl_agent - INFO - Epoch 6, Episode 4: Rewards=[7.149999999999997, 3.0000000000000013]
2025-04-19 06:59:49,197 - marl_agent - INFO - Epoch 6: Mean Rewards=[3.429999999999999, 3.0000000000000013], Mean Loss=0.0
2025-04-19 06:59:49,199 - marl_agent - INFO - Starting epoch 8/500
2025-04-19 06:59:49,209 - marl_agent - INFO - Starting episode 1/5
2025-04-19 06:59:52,377 - marl_agent - INFO - Step 10, Rewards: [0.0, 0.1]
2025-04-19 06:59:55,572 - marl_agent - INFO - Step 20, Rewards: [0.05, 0.1]
2025-04-19 06:59:58,840 - marl_agent - INFO - Step 30, Rewards: [0.30000000000000004, 0.1]
2025-04-19 06:59:58,843 - marl_agent - INFO - Epoch 7, Episode 0: Rewards=[3.3, 3.0000000000000013]
2025-04-19 06:59:58,856 - marl_agent - INFO - Starting episode 2/5
2025-04-19 07:00:02,148 - marl_agent - INFO - Step 10, Rewards: [0.2, 0.1]
2025-04-19 07:00:05,454 - marl_agent - INFO - Step 20, Rewards: [0.25, 0.1]
2025-04-19 07:00:08,649 - marl_agent - INFO - Step 30, Rewards: [0.05, 0.1]
2025-04-19 07:00:08,660 - marl_agent - INFO - Starting episode 3/5
2025-04-19 07:00:11,812 - marl_agent - INFO - Step 10, Rewards: [0.2, 0.1]
2025-04-19 07:00:14,982 - marl_agent - INFO - Step 20, Rewards: [0.05, 0.1]
2025-04-19 07:00:18,279 - marl_agent - INFO - Step 30, Rewards: [0.1, 0.1]
2025-04-19 07:00:18,311 - marl_agent - INFO - Starting episode 4/5
2025-04-19 07:00:21,584 - marl_agent - INFO - Step 10, Rewards: [0.2, 0.1]
2025-04-19 07:00:24,896 - marl_agent - INFO - Step 20, Rewards: [0.25, 0.1]
2025-04-19 07:00:28,162 - marl_agent - INFO - Step 30, Rewards: [0.05, 0.1]
2025-04-19 07:00:28,179 - marl_agent - INFO - Starting episode 5/5
2025-04-19 07:00:31,377 - marl_agent - INFO - Step 10, Rewards: [-1.0, 0.1]
2025-04-19 07:00:34,627 - marl_agent - INFO - Step 20, Rewards: [-1.0, 0.1]
2025-04-19 07:00:37,794 - marl_agent - INFO - Step 30, Rewards: [0.2, 0.1]
2025-04-19 07:00:37,794 - marl_agent - INFO - Epoch 7, Episode 4: Rewards=[-2.5999999999999996, 3.0000000000000013]
2025-04-19 07:00:37,795 - marl_agent - INFO - Epoch 7: Mean Rewards=[1.6499999999999997, 3.0000000000000013], Mean Loss=0.0
2025-04-19 07:01:48,665 - marl_agent - INFO - Training complete
